<?xml version="1.0" encoding="utf-8"?><testsuites><testsuite name="pytest" errors="0" failures="0" skipped="0" tests="4" time="6.813" timestamp="2023-10-28T07:54:11.585195" hostname="DESKTOP-ES4UKG1"><testcase classname="tests.api.test_api.TestBatchPipeline" name="test_should_failed_unkown_column_1" time="0.037" /><testcase classname="tests.api.test_api.TestBatchPipeline" name="test_should_failed_unkown_column_2" time="0.013" /><testcase classname="tests.api.test_api.TestBatchPipeline" name="test_should_failed_unkown_column_3" time="0.013" /><testcase classname="tests.api.test_api.TestBatchPipeline" name="test_should_get_predict" time="0.039" /></testsuite></testsuites>